  rockPaperScissorsSFML.cpp
C:\SFML\include\SFML\Graphics\Color.inl(75,17): error C3615: constexpr function 'sf::operator +' cannot result in a constant expression
  (compiling source file 'rockPaperScissorsSFML.cpp')
      C:\SFML\include\SFML\Graphics\Color.inl(77,16):
      failure was because type 'const sf::+::<lambda_1>' is not a literal type
      C:\SFML\include\SFML\Graphics\Color.inl(81,5):
      type 'sf::+::<lambda_1>' is not a literal type because it is not an aggregate type, a closure type, or does not have a constexpr constructor that is not a copy or move constructor
  
C:\SFML\include\SFML\Graphics\Color.inl(91,17): error C3615: constexpr function 'sf::operator -' cannot result in a constant expression
  (compiling source file 'rockPaperScissorsSFML.cpp')
      C:\SFML\include\SFML\Graphics\Color.inl(93,16):
      failure was because type 'const sf::-::<lambda_1>' is not a literal type
      C:\SFML\include\SFML\Graphics\Color.inl(97,5):
      type 'sf::-::<lambda_1>' is not a literal type because it is not an aggregate type, a closure type, or does not have a constexpr constructor that is not a copy or move constructor
  
C:\SFML\include\SFML\Graphics\Color.inl(107,17): error C3615: constexpr function 'sf::operator *' cannot result in a constant expression
  (compiling source file 'rockPaperScissorsSFML.cpp')
      C:\SFML\include\SFML\Graphics\Color.inl(109,16):
      failure was because type 'const sf::*::<lambda_1>' is not a literal type
      C:\SFML\include\SFML\Graphics\Color.inl(113,5):
      type 'sf::*::<lambda_1>' is not a literal type because it is not an aggregate type, a closure type, or does not have a constexpr constructor that is not a copy or move constructor
  
C:\SFML\include\SFML\Graphics\Color.inl(146,31): error C7525: inline variables require at least '/std:c++17'
  (compiling source file 'rockPaperScissorsSFML.cpp')
  
C:\SFML\include\SFML\Graphics\Color.inl(147,31): error C7525: inline variables require at least '/std:c++17'
  (compiling source file 'rockPaperScissorsSFML.cpp')
  
C:\SFML\include\SFML\Graphics\Color.inl(148,31): error C7525: inline variables require at least '/std:c++17'
  (compiling source file 'rockPaperScissorsSFML.cpp')
  
C:\SFML\include\SFML\Graphics\Color.inl(149,31): error C7525: inline variables require at least '/std:c++17'
  (compiling source file 'rockPaperScissorsSFML.cpp')
  
C:\SFML\include\SFML\Graphics\Color.inl(150,31): error C7525: inline variables require at least '/std:c++17'
  (compiling source file 'rockPaperScissorsSFML.cpp')
  
C:\SFML\include\SFML\Graphics\Color.inl(151,31): error C7525: inline variables require at least '/std:c++17'
  (compiling source file 'rockPaperScissorsSFML.cpp')
  
C:\SFML\include\SFML\Graphics\Color.inl(152,31): error C7525: inline variables require at least '/std:c++17'
  (compiling source file 'rockPaperScissorsSFML.cpp')
  
C:\SFML\include\SFML\Graphics\Color.inl(153,31): error C7525: inline variables require at least '/std:c++17'
  (compiling source file 'rockPaperScissorsSFML.cpp')
  
C:\SFML\include\SFML\Graphics\Color.inl(154,31): error C7525: inline variables require at least '/std:c++17'
  (compiling source file 'rockPaperScissorsSFML.cpp')
  
C:\SFML\include\SFML\System\Angle.inl(272,31): error C7525: inline variables require at least '/std:c++17'
  (compiling source file 'rockPaperScissorsSFML.cpp')
  
C:\Program Files\Microsoft Visual Studio\2022\Community\VC\Tools\MSVC\14.42.34433\include\optional(11): warning STL4038: The contents of <optional> are available only with C++17 or later.
C:\SFML\include\SFML\Graphics\Rect.hpp(98,34): error C2039: 'optional': is not a member of 'std'
  (compiling source file 'rockPaperScissorsSFML.cpp')
      C:\Program Files\Microsoft Visual Studio\2022\Community\VC\Tools\MSVC\14.42.34433\include\yvals.h(318,1):
      see declaration of 'std'
      C:\SFML\include\SFML\Graphics\Rect.hpp(98,34):
      the template instantiation context (the oldest one first) is
          C:\SFML\include\SFML\Graphics\Rect.hpp(42,7):
          while compiling class template 'sf::Rect'
  
C:\SFML\include\SFML\Graphics\Rect.hpp(98,42): error C2143: syntax error: missing ';' before '<'
  (compiling source file 'rockPaperScissorsSFML.cpp')
  
C:\SFML\include\SFML\Graphics\Rect.hpp(98,34): error C4430: missing type specifier - int assumed. Note: C++ does not support default-int
  (compiling source file 'rockPaperScissorsSFML.cpp')
  
C:\SFML\include\SFML\Graphics\Rect.hpp(98,34): error C2178: 'sf::Rect<T>::optional' cannot be declared with 'constexpr' specifier
  (compiling source file 'rockPaperScissorsSFML.cpp')
  
C:\SFML\include\SFML\Graphics\Rect.hpp(98,5): warning C4869: 'nodiscard' may only be applied to classes, enumerations, and functions
  (compiling source file 'rockPaperScissorsSFML.cpp')
  
C:\SFML\include\SFML\Graphics\Rect.hpp(98,100): error C2238: unexpected token(s) preceding ';'
  (compiling source file 'rockPaperScissorsSFML.cpp')
  
C:\SFML\include\SFML\Graphics\Rect.inl(71,16): error C2039: 'optional': is not a member of 'std'
  (compiling source file 'rockPaperScissorsSFML.cpp')
      C:\Program Files\Microsoft Visual Studio\2022\Community\VC\Tools\MSVC\14.42.34433\include\yvals.h(318,1):
      see declaration of 'std'
  
C:\SFML\include\SFML\Graphics\Rect.inl(71,24): error C2988: unrecognizable template declaration/definition
  (compiling source file 'rockPaperScissorsSFML.cpp')
  
C:\SFML\include\SFML\Graphics\Rect.inl(71,24): error C2143: syntax error: missing ';' before '<'
  (compiling source file 'rockPaperScissorsSFML.cpp')
  
C:\SFML\include\SFML\Graphics\Rect.inl(71,16): error C4430: missing type specifier - int assumed. Note: C++ does not support default-int
  (compiling source file 'rockPaperScissorsSFML.cpp')
  
C:\SFML\include\SFML\Graphics\Rect.inl(71,24): error C2059: syntax error: '<'
  (compiling source file 'rockPaperScissorsSFML.cpp')
  
C:\SFML\include\SFML\Graphics\Rect.inl(71,30): error C2065: 'T': undeclared identifier
  (compiling source file 'rockPaperScissorsSFML.cpp')
  
C:\SFML\include\SFML\Graphics\Rect.inl(71,25): error C2923: 'sf::Rect': 'T' is not a valid template type argument for parameter 'T'
  (compiling source file 'rockPaperScissorsSFML.cpp')
      C:\SFML\include\SFML\Graphics\Rect.inl(71,30):
      see declaration of 'T'
  
C:\SFML\include\SFML\Graphics\Rect.inl(71,39): error C2065: 'T': undeclared identifier
  (compiling source file 'rockPaperScissorsSFML.cpp')
  
C:\SFML\include\SFML\Graphics\Rect.inl(71,34): error C2923: 'sf::Rect': 'T' is not a valid template type argument for parameter 'T'
  (compiling source file 'rockPaperScissorsSFML.cpp')
      C:\SFML\include\SFML\Graphics\Rect.inl(71,39):
      see declaration of 'T'
  
C:\SFML\include\SFML\Graphics\Rect.inl(71,71): error C2065: 'T': undeclared identifier
  (compiling source file 'rockPaperScissorsSFML.cpp')
  
C:\SFML\include\SFML\Graphics\Rect.inl(71,66): error C2923: 'sf::Rect': 'T' is not a valid template type argument for parameter 'T'
  (compiling source file 'rockPaperScissorsSFML.cpp')
      C:\SFML\include\SFML\Graphics\Rect.inl(71,71):
      see declaration of 'T'
  
C:\SFML\include\SFML\Graphics\Rect.inl(72,1): error C2143: syntax error: missing ';' before '{'
  (compiling source file 'rockPaperScissorsSFML.cpp')
  
C:\SFML\include\SFML\Graphics\Rect.inl(72,1): error C2447: '{': missing function header (old-style formal list?)
  (compiling source file 'rockPaperScissorsSFML.cpp')
  
C:\SFML\include\SFML\Graphics\Transform.inl(52,35): error C3615: constexpr function 'sf::Transform::getMatrix' cannot result in a constant expression
  (compiling source file 'rockPaperScissorsSFML.cpp')
      C:\SFML\include\SFML\Graphics\Transform.inl(54,25):
      failure was caused by call of undefined function or one not declared 'constexpr'
      C:\SFML\include\SFML\Graphics\Transform.inl(54,25):
      see usage of 'std::array<float,16>::data'
  
C:\SFML\include\SFML\Graphics\Rect.hpp(98,34): error C2178: 'sf::Rect<float>::optional' cannot be declared with 'constexpr' specifier
  (compiling source file 'rockPaperScissorsSFML.cpp')
  
C:\SFML\include\SFML\Graphics\Transform.inl(101,31): error C2514: 'std::array': class template cannot be constructed
  (compiling source file 'rockPaperScissorsSFML.cpp')
      C:\Program Files\Microsoft Visual Studio\2022\Community\VC\Tools\MSVC\14.42.34433\include\array(406,7):
      see declaration of 'std::array'
  
C:\SFML\include\SFML\Graphics\Transform.inl(107,21): error C2678: binary '[': no operator found which takes a left-hand operand of type 'const std::array' (or there is no acceptable conversion)
  (compiling source file 'rockPaperScissorsSFML.cpp')
      C:\Program Files\Microsoft Visual Studio\2022\Community\VC\Tools\MSVC\14.42.34433\include\array(539,42):
      could be 'const _Ty &std::array<_Ty,_Size>::operator [](std::array<_Ty,_Size>::size_type) noexcept const'
          C:\SFML\include\SFML\Graphics\Transform.inl(107,21):
          'const _Ty &std::array<_Ty,_Size>::operator [](std::array<_Ty,_Size>::size_type) noexcept const': cannot convert 'this' pointer from 'const std::array' to 'const std::array<_Ty,_Size> &'
              C:\SFML\include\SFML\Graphics\Transform.inl(107,21):
              Reason: cannot convert from 'const std::array' to 'const std::array<_Ty,_Size>'
              C:\SFML\include\SFML\Graphics\Transform.inl(107,21):
              Conversion requires a second user-defined-conversion operator or constructor
      C:\Program Files\Microsoft Visual Studio\2022\Community\VC\Tools\MSVC\14.42.34433\include\array(531,39):
      or       '_Ty &std::array<_Ty,_Size>::operator [](std::array<_Ty,_Size>::size_type) noexcept'
          C:\SFML\include\SFML\Graphics\Transform.inl(107,21):
          '_Ty &std::array<_Ty,_Size>::operator [](std::array<_Ty,_Size>::size_type) noexcept': cannot convert 'this' pointer from 'const std::array' to 'std::array<_Ty,_Size> &'
              C:\SFML\include\SFML\Graphics\Transform.inl(107,21):
              Reason: cannot convert from 'const std::array' to 'std::array<_Ty,_Size>'
              C:\SFML\include\SFML\Graphics\Transform.inl(107,21):
              Conversion requires a second user-defined-conversion operator or constructor
      C:\SFML\include\SFML\Graphics\Transform.inl(107,21):
      while trying to match the argument list '(const std::array, int)'
  
C:\SFML\include\SFML\Graphics\Transform.inl(108,21): error C2678: binary '[': no operator found which takes a left-hand operand of type 'const std::array' (or there is no acceptable conversion)
  (compiling source file 'rockPaperScissorsSFML.cpp')
      C:\Program Files\Microsoft Visual Studio\2022\Community\VC\Tools\MSVC\14.42.34433\include\array(539,42):
      could be 'const _Ty &std::array<_Ty,_Size>::operator [](std::array<_Ty,_Size>::size_type) noexcept const'
          C:\SFML\include\SFML\Graphics\Transform.inl(108,21):
          'const _Ty &std::array<_Ty,_Size>::operator [](std::array<_Ty,_Size>::size_type) noexcept const': cannot convert 'this' pointer from 'const std::array' to 'const std::array<_Ty,_Size> &'
              C:\SFML\include\SFML\Graphics\Transform.inl(108,21):
              Reason: cannot convert from 'const std::array' to 'const std::array<_Ty,_Size>'
              C:\SFML\include\SFML\Graphics\Transform.inl(108,21):
              Conversion requires a second user-defined-conversion operator or constructor
      C:\Program Files\Microsoft Visual Studio\2022\Community\VC\Tools\MSVC\14.42.34433\include\array(531,39):
      or       '_Ty &std::array<_Ty,_Size>::operator [](std::array<_Ty,_Size>::size_type) noexcept'
          C:\SFML\include\SFML\Graphics\Transform.inl(108,21):
          '_Ty &std::array<_Ty,_Size>::operator [](std::array<_Ty,_Size>::size_type) noexcept': cannot convert 'this' pointer from 'const std::array' to 'std::array<_Ty,_Size> &'
              C:\SFML\include\SFML\Graphics\Transform.inl(108,21):
              Reason: cannot convert from 'const std::array' to 'std::array<_Ty,_Size>'
              C:\SFML\include\SFML\Graphics\Transform.inl(108,21):
              Conversion requires a second user-defined-conversion operator or constructor
      C:\SFML\include\SFML\Graphics\Transform.inl(108,21):
      while trying to match the argument list '(const std::array, int)'
  
C:\SFML\include\SFML\Graphics\Transform.inl(110,40): error C2662: 'std::array<_Ty,_Size>::size_type std::array<_Ty,_Size>::size(void) noexcept const': cannot convert 'this' pointer from 'const std::array' to 'const std::array<_Ty,_Size> &'
  (compiling source file 'rockPaperScissorsSFML.cpp')
      C:\SFML\include\SFML\Graphics\Transform.inl(110,33):
      Reason: cannot convert from 'const std::array' to 'const std::array<_Ty,_Size>'
      C:\SFML\include\SFML\Graphics\Transform.inl(110,33):
      Conversion requires a second user-defined-conversion operator or constructor
      C:\Program Files\Microsoft Visual Studio\2022\Community\VC\Tools\MSVC\14.42.34433\include\array(503,59):
      see declaration of 'std::array<_Ty,_Size>::size'
      C:\SFML\include\SFML\Graphics\Transform.inl(110,40):
      while trying to match the argument list '()'
  
C:\SFML\include\SFML\Graphics\Transform.inl(113,18): error C2678: binary '[': no operator found which takes a left-hand operand of type 'const std::array' (or there is no acceptable conversion)
  (compiling source file 'rockPaperScissorsSFML.cpp')
      C:\Program Files\Microsoft Visual Studio\2022\Community\VC\Tools\MSVC\14.42.34433\include\array(539,42):
      could be 'const _Ty &std::array<_Ty,_Size>::operator [](std::array<_Ty,_Size>::size_type) noexcept const'
          C:\SFML\include\SFML\Graphics\Transform.inl(113,18):
          'const _Ty &std::array<_Ty,_Size>::operator [](std::array<_Ty,_Size>::size_type) noexcept const': cannot convert 'this' pointer from 'const std::array' to 'const std::array<_Ty,_Size> &'
              C:\SFML\include\SFML\Graphics\Transform.inl(113,18):
              Reason: cannot convert from 'const std::array' to 'const std::array<_Ty,_Size>'
              C:\SFML\include\SFML\Graphics\Transform.inl(113,18):
              Conversion requires a second user-defined-conversion operator or constructor
      C:\Program Files\Microsoft Visual Studio\2022\Community\VC\Tools\MSVC\14.42.34433\include\array(531,39):
      or       '_Ty &std::array<_Ty,_Size>::operator [](std::array<_Ty,_Size>::size_type) noexcept'
          C:\SFML\include\SFML\Graphics\Transform.inl(113,18):
          '_Ty &std::array<_Ty,_Size>::operator [](std::array<_Ty,_Size>::size_type) noexcept': cannot convert 'this' pointer from 'const std::array' to 'std::array<_Ty,_Size> &'
              C:\SFML\include\SFML\Graphics\Transform.inl(113,18):
              Reason: cannot convert from 'const std::array' to 'std::array<_Ty,_Size>'
              C:\SFML\include\SFML\Graphics\Transform.inl(113,18):
              Conversion requires a second user-defined-conversion operator or constructor
      C:\SFML\include\SFML\Graphics\Transform.inl(113,18):
      while trying to match the argument list '(const std::array, size_t)'
  
C:\SFML\include\SFML\Graphics\Transform.inl(113,49): error C2678: binary '[': no operator found which takes a left-hand operand of type 'const std::array' (or there is no acceptable conversion)
  (compiling source file 'rockPaperScissorsSFML.cpp')
      C:\Program Files\Microsoft Visual Studio\2022\Community\VC\Tools\MSVC\14.42.34433\include\array(539,42):
      could be 'const _Ty &std::array<_Ty,_Size>::operator [](std::array<_Ty,_Size>::size_type) noexcept const'
          C:\SFML\include\SFML\Graphics\Transform.inl(113,49):
          'const _Ty &std::array<_Ty,_Size>::operator [](std::array<_Ty,_Size>::size_type) noexcept const': cannot convert 'this' pointer from 'const std::array' to 'const std::array<_Ty,_Size> &'
              C:\SFML\include\SFML\Graphics\Transform.inl(113,49):
              Reason: cannot convert from 'const std::array' to 'const std::array<_Ty,_Size>'
              C:\SFML\include\SFML\Graphics\Transform.inl(113,49):
              Conversion requires a second user-defined-conversion operator or constructor
      C:\Program Files\Microsoft Visual Studio\2022\Community\VC\Tools\MSVC\14.42.34433\include\array(531,39):
      or       '_Ty &std::array<_Ty,_Size>::operator [](std::array<_Ty,_Size>::size_type) noexcept'
          C:\SFML\include\SFML\Graphics\Transform.inl(113,49):
          '_Ty &std::array<_Ty,_Size>::operator [](std::array<_Ty,_Size>::size_type) noexcept': cannot convert 'this' pointer from 'const std::array' to 'std::array<_Ty,_Size> &'
              C:\SFML\include\SFML\Graphics\Transform.inl(113,49):
              Reason: cannot convert from 'const std::array' to 'std::array<_Ty,_Size>'
              C:\SFML\include\SFML\Graphics\Transform.inl(113,49):
              Conversion requires a second user-defined-conversion operator or constructor
      C:\SFML\include\SFML\Graphics\Transform.inl(113,49):
      while trying to match the argument list '(const std::array, size_t)'
  
C:\SFML\include\SFML\Graphics\Transform.inl(114,18): error C2678: binary '[': no operator found which takes a left-hand operand of type 'const std::array' (or there is no acceptable conversion)
  (compiling source file 'rockPaperScissorsSFML.cpp')
      C:\Program Files\Microsoft Visual Studio\2022\Community\VC\Tools\MSVC\14.42.34433\include\array(539,42):
      could be 'const _Ty &std::array<_Ty,_Size>::operator [](std::array<_Ty,_Size>::size_type) noexcept const'
          C:\SFML\include\SFML\Graphics\Transform.inl(114,18):
          'const _Ty &std::array<_Ty,_Size>::operator [](std::array<_Ty,_Size>::size_type) noexcept const': cannot convert 'this' pointer from 'const std::array' to 'const std::array<_Ty,_Size> &'
              C:\SFML\include\SFML\Graphics\Transform.inl(114,18):
              Reason: cannot convert from 'const std::array' to 'const std::array<_Ty,_Size>'
              C:\SFML\include\SFML\Graphics\Transform.inl(114,18):
              Conversion requires a second user-defined-conversion operator or constructor
      C:\Program Files\Microsoft Visual Studio\2022\Community\VC\Tools\MSVC\14.42.34433\include\array(531,39):
      or       '_Ty &std::array<_Ty,_Size>::operator [](std::array<_Ty,_Size>::size_type) noexcept'
          C:\SFML\include\SFML\Graphics\Transform.inl(114,18):
          '_Ty &std::array<_Ty,_Size>::operator [](std::array<_Ty,_Size>::size_type) noexcept': cannot convert 'this' pointer from 'const std::array' to 'std::array<_Ty,_Size> &'
              C:\SFML\include\SFML\Graphics\Transform.inl(114,18):
              Reason: cannot convert from 'const std::array' to 'std::array<_Ty,_Size>'
              C:\SFML\include\SFML\Graphics\Transform.inl(114,18):
              Conversion requires a second user-defined-conversion operator or constructor
      C:\SFML\include\SFML\Graphics\Transform.inl(114,18):
      while trying to match the argument list '(const std::array, size_t)'
  
C:\SFML\include\SFML\Graphics\Transform.inl(114,49): error C2678: binary '[': no operator found which takes a left-hand operand of type 'const std::array' (or there is no acceptable conversion)
  (compiling source file 'rockPaperScissorsSFML.cpp')
      C:\Program Files\Microsoft Visual Studio\2022\Community\VC\Tools\MSVC\14.42.34433\include\array(539,42):
      could be 'const _Ty &std::array<_Ty,_Size>::operator [](std::array<_Ty,_Size>::size_type) noexcept const'
          C:\SFML\include\SFML\Graphics\Transform.inl(114,49):
          'const _Ty &std::array<_Ty,_Size>::operator [](std::array<_Ty,_Size>::size_type) noexcept const': cannot convert 'this' pointer from 'const std::array' to 'const std::array<_Ty,_Size> &'
              C:\SFML\include\SFML\Graphics\Transform.inl(114,49):
              Reason: cannot convert from 'const std::array' to 'const std::array<_Ty,_Size>'
              C:\SFML\include\SFML\Graphics\Transform.inl(114,49):
              Conversion requires a second user-defined-conversion operator or constructor
      C:\Program Files\Microsoft Visual Studio\2022\Community\VC\Tools\MSVC\14.42.34433\include\array(531,39):
      or       '_Ty &std::array<_Ty,_Size>::operator [](std::array<_Ty,_Size>::size_type) noexcept'
          C:\SFML\include\SFML\Graphics\Transform.inl(114,49):
          '_Ty &std::array<_Ty,_Size>::operator [](std::array<_Ty,_Size>::size_type) noexcept': cannot convert 'this' pointer from 'const std::array' to 'std::array<_Ty,_Size> &'
              C:\SFML\include\SFML\Graphics\Transform.inl(114,49):
              Reason: cannot convert from 'const std::array' to 'std::array<_Ty,_Size>'
              C:\SFML\include\SFML\Graphics\Transform.inl(114,49):
              Conversion requires a second user-defined-conversion operator or constructor
      C:\SFML\include\SFML\Graphics\Transform.inl(114,49):
      while trying to match the argument list '(const std::array, size_t)'
  
C:\SFML\include\SFML\Graphics\Transform.inl(116,18): error C2678: binary '[': no operator found which takes a left-hand operand of type 'const std::array' (or there is no acceptable conversion)
  (compiling source file 'rockPaperScissorsSFML.cpp')
      C:\Program Files\Microsoft Visual Studio\2022\Community\VC\Tools\MSVC\14.42.34433\include\array(539,42):
      could be 'const _Ty &std::array<_Ty,_Size>::operator [](std::array<_Ty,_Size>::size_type) noexcept const'
          C:\SFML\include\SFML\Graphics\Transform.inl(116,18):
          'const _Ty &std::array<_Ty,_Size>::operator [](std::array<_Ty,_Size>::size_type) noexcept const': cannot convert 'this' pointer from 'const std::array' to 'const std::array<_Ty,_Size> &'
              C:\SFML\include\SFML\Graphics\Transform.inl(116,18):
              Reason: cannot convert from 'const std::array' to 'const std::array<_Ty,_Size>'
              C:\SFML\include\SFML\Graphics\Transform.inl(116,18):
              Conversion requires a second user-defined-conversion operator or constructor
      C:\Program Files\Microsoft Visual Studio\2022\Community\VC\Tools\MSVC\14.42.34433\include\array(531,39):
      or       '_Ty &std::array<_Ty,_Size>::operator [](std::array<_Ty,_Size>::size_type) noexcept'
          C:\SFML\include\SFML\Graphics\Transform.inl(116,18):
          '_Ty &std::array<_Ty,_Size>::operator [](std::array<_Ty,_Size>::size_type) noexcept': cannot convert 'this' pointer from 'const std::array' to 'std::array<_Ty,_Size> &'
              C:\SFML\include\SFML\Graphics\Transform.inl(116,18):
              Reason: cannot convert from 'const std::array' to 'std::array<_Ty,_Size>'
              C:\SFML\include\SFML\Graphics\Transform.inl(116,18):
              Conversion requires a second user-defined-conversion operator or constructor
      C:\SFML\include\SFML\Graphics\Transform.inl(116,18):
      while trying to match the argument list '(const std::array, size_t)'
  
C:\SFML\include\SFML\Graphics\Transform.inl(116,49): error C2678: binary '[': no operator found which takes a left-hand operand of type 'const std::array' (or there is no acceptable conversion)
  (compiling source file 'rockPaperScissorsSFML.cpp')
      C:\Program Files\Microsoft Visual Studio\2022\Community\VC\Tools\MSVC\14.42.34433\include\array(539,42):
      could be 'const _Ty &std::array<_Ty,_Size>::operator [](std::array<_Ty,_Size>::size_type) noexcept const'
          C:\SFML\include\SFML\Graphics\Transform.inl(116,49):
          'const _Ty &std::array<_Ty,_Size>::operator [](std::array<_Ty,_Size>::size_type) noexcept const': cannot convert 'this' pointer from 'const std::array' to 'const std::array<_Ty,_Size> &'
              C:\SFML\include\SFML\Graphics\Transform.inl(116,49):
              Reason: cannot convert from 'const std::array' to 'const std::array<_Ty,_Size>'
              C:\SFML\include\SFML\Graphics\Transform.inl(116,49):
              Conversion requires a second user-defined-conversion operator or constructor
      C:\Program Files\Microsoft Visual Studio\2022\Community\VC\Tools\MSVC\14.42.34433\include\array(531,39):
      or       '_Ty &std::array<_Ty,_Size>::operator [](std::array<_Ty,_Size>::size_type) noexcept'
          C:\SFML\include\SFML\Graphics\Transform.inl(116,49):
          '_Ty &std::array<_Ty,_Size>::operator [](std::array<_Ty,_Size>::size_type) noexcept': cannot convert 'this' pointer from 'const std::array' to 'std::array<_Ty,_Size> &'
              C:\SFML\include\SFML\Graphics\Transform.inl(116,49):
              Reason: cannot convert from 'const std::array' to 'std::array<_Ty,_Size>'
              C:\SFML\include\SFML\Graphics\Transform.inl(116,49):
              Conversion requires a second user-defined-conversion operator or constructor
      C:\SFML\include\SFML\Graphics\Transform.inl(116,49):
      while trying to match the argument list '(const std::array, size_t)'
  
C:\SFML\include\SFML\Graphics\Transform.inl(117,18): error C2678: binary '[': no operator found which takes a left-hand operand of type 'const std::array' (or there is no acceptable conversion)
  (compiling source file 'rockPaperScissorsSFML.cpp')
      C:\Program Files\Microsoft Visual Studio\2022\Community\VC\Tools\MSVC\14.42.34433\include\array(539,42):
      could be 'const _Ty &std::array<_Ty,_Size>::operator [](std::array<_Ty,_Size>::size_type) noexcept const'
          C:\SFML\include\SFML\Graphics\Transform.inl(117,18):
          'const _Ty &std::array<_Ty,_Size>::operator [](std::array<_Ty,_Size>::size_type) noexcept const': cannot convert 'this' pointer from 'const std::array' to 'const std::array<_Ty,_Size> &'
              C:\SFML\include\SFML\Graphics\Transform.inl(117,18):
              Reason: cannot convert from 'const std::array' to 'const std::array<_Ty,_Size>'
              C:\SFML\include\SFML\Graphics\Transform.inl(117,18):
              Conversion requires a second user-defined-conversion operator or constructor
      C:\Program Files\Microsoft Visual Studio\2022\Community\VC\Tools\MSVC\14.42.34433\include\array(531,39):
      or       '_Ty &std::array<_Ty,_Size>::operator [](std::array<_Ty,_Size>::size_type) noexcept'
          C:\SFML\include\SFML\Graphics\Transform.inl(117,18):
          '_Ty &std::array<_Ty,_Size>::operator [](std::array<_Ty,_Size>::size_type) noexcept': cannot convert 'this' pointer from 'const std::array' to 'std::array<_Ty,_Size> &'
              C:\SFML\include\SFML\Graphics\Transform.inl(117,18):
              Reason: cannot convert from 'const std::array' to 'std::array<_Ty,_Size>'
              C:\SFML\include\SFML\Graphics\Transform.inl(117,18):
              Conversion requires a second user-defined-conversion operator or constructor
      C:\SFML\include\SFML\Graphics\Transform.inl(117,18):
      while trying to match the argument list '(const std::array, size_t)'
  
C:\SFML\include\SFML\Graphics\Transform.inl(117,49): error C2678: binary '[': no operator found which takes a left-hand operand of type 'const std::array' (or there is no acceptable conversion)
  (compiling source file 'rockPaperScissorsSFML.cpp')
      C:\Program Files\Microsoft Visual Studio\2022\Community\VC\Tools\MSVC\14.42.34433\include\array(539,42):
      could be 'const _Ty &std::array<_Ty,_Size>::operator [](std::array<_Ty,_Size>::size_type) noexcept const'
          C:\SFML\include\SFML\Graphics\Transform.inl(117,49):
          'const _Ty &std::array<_Ty,_Size>::operator [](std::array<_Ty,_Size>::size_type) noexcept const': cannot convert 'this' pointer from 'const std::array' to 'const std::array<_Ty,_Size> &'
              C:\SFML\include\SFML\Graphics\Transform.inl(117,49):
              Reason: cannot convert from 'const std::array' to 'const std::array<_Ty,_Size>'
              C:\SFML\include\SFML\Graphics\Transform.inl(117,49):
              Conversion requires a second user-defined-conversion operator or constructor
      C:\Program Files\Microsoft Visual Studio\2022\Community\VC\Tools\MSVC\14.42.34433\include\array(531,39):
      or       '_Ty &std::array<_Ty,_Size>::operator [](std::array<_Ty,_Size>::size_type) noexcept'
          C:\SFML\include\SFML\Graphics\Transform.inl(117,49):
          '_Ty &std::array<_Ty,_Size>::operator [](std::array<_Ty,_Size>::size_type) noexcept': cannot convert 'this' pointer from 'const std::array' to 'std::array<_Ty,_Size> &'
              C:\SFML\include\SFML\Graphics\Transform.inl(117,49):
              Reason: cannot convert from 'const std::array' to 'std::array<_Ty,_Size>'
              C:\SFML\include\SFML\Graphics\Transform.inl(117,49):
              Conversion requires a second user-defined-conversion operator or constructor
      C:\SFML\include\SFML\Graphics\Transform.inl(117,49):
      while trying to match the argument list '(const std::array, size_t)'
  
C:\SFML\include\SFML\Graphics\Transform.inl(98,32): error C3615: constexpr function 'sf::Transform::transformRect' cannot result in a constant expression
  (compiling source file 'rockPaperScissorsSFML.cpp')
      C:\SFML\include\SFML\Graphics\Transform.inl(101,22):
      failure was because type 'const std::array' is not a literal type
      C:\Program Files\Microsoft Visual Studio\2022\Community\VC\Tools\MSVC\14.42.34433\include\array(406,7):
      type 'std::array' is not a literal type because it is not an aggregate type, a closure type, or does not have a constexpr constructor that is not a copy or move constructor
      C:\SFML\include\SFML\Graphics\Transform.inl(110,39):
      failure was caused by call of undefined function or one not declared 'constexpr'
      C:\SFML\include\SFML\Graphics\Transform.inl(110,39):
      see usage of '<declval>'
      C:\SFML\include\SFML\Graphics\Transform.inl(98,32):
      failure was caused by control reaching the end of a constexpr function
  
C:\SFML\include\SFML\Graphics\Transform.inl(234,39): error C7525: inline variables require at least '/std:c++17'
  (compiling source file 'rockPaperScissorsSFML.cpp')
  
C:\SFML\include\SFML\Graphics\Rect.hpp(98,34): error C2178: 'sf::Rect<int>::optional' cannot be declared with 'constexpr' specifier
  (compiling source file 'rockPaperScissorsSFML.cpp')
  
C:\Program Files\Microsoft Visual Studio\2022\Community\VC\Tools\MSVC\14.42.34433\include\filesystem(12): warning STL4038: The contents of <filesystem> are available only with C++17 or later.
C:\SFML\include\SFML\Graphics\Texture.hpp(114,33): error C3083: 'filesystem': the symbol to the left of a '::' must be a type
  (compiling source file 'rockPaperScissorsSFML.cpp')
  
C:\SFML\include\SFML\Graphics\Texture.hpp(114,45): error C2039: 'path': is not a member of 'std'
  (compiling source file 'rockPaperScissorsSFML.cpp')
      C:\Program Files\Microsoft Visual Studio\2022\Community\VC\Tools\MSVC\14.42.34433\include\memory(31,1):
      see declaration of 'std'
  
C:\SFML\include\SFML\Graphics\Texture.hpp(114,22): error C4430: missing type specifier - int assumed. Note: C++ does not support default-int
  (compiling source file 'rockPaperScissorsSFML.cpp')
  
C:\SFML\include\SFML\Graphics\Texture.hpp(114,49): error C2143: syntax error: missing ',' before '&'
  (compiling source file 'rockPaperScissorsSFML.cpp')
  
C:\SFML\include\SFML\Graphics\Texture.hpp(137,24): error C3083: 'filesystem': the symbol to the left of a '::' must be a type
  (compiling source file 'rockPaperScissorsSFML.cpp')
  
C:\SFML\include\SFML\Graphics\Texture.hpp(137,36): error C2039: 'path': is not a member of 'std'
  (compiling source file 'rockPaperScissorsSFML.cpp')
      C:\Program Files\Microsoft Visual Studio\2022\Community\VC\Tools\MSVC\14.42.34433\include\memory(31,1):
      see declaration of 'std'
  
C:\SFML\include\SFML\Graphics\Texture.hpp(137,13): error C4430: missing type specifier - int assumed. Note: C++ does not support default-int
  (compiling source file 'rockPaperScissorsSFML.cpp')
  
C:\SFML\include\SFML\Graphics\Texture.hpp(137,40): error C2143: syntax error: missing ',' before '&'
  (compiling source file 'rockPaperScissorsSFML.cpp')
  
C:\SFML\include\SFML\Graphics\Texture.hpp(137,5): error C2535: 'sf::Texture::Texture(const int)': member function already defined or declared
  (compiling source file 'rockPaperScissorsSFML.cpp')
      C:\SFML\include\SFML\Graphics\Texture.hpp(114,5):
      see declaration of 'sf::Texture::Texture'
  
C:\SFML\include\SFML\Graphics\Texture.hpp(304,48): error C3083: 'filesystem': the symbol to the left of a '::' must be a type
  (compiling source file 'rockPaperScissorsSFML.cpp')
  
C:\SFML\include\SFML\Graphics\Texture.hpp(304,60): error C2039: 'path': is not a member of 'std'
  (compiling source file 'rockPaperScissorsSFML.cpp')
      C:\Program Files\Microsoft Visual Studio\2022\Community\VC\Tools\MSVC\14.42.34433\include\memory(31,1):
      see declaration of 'std'
  
C:\SFML\include\SFML\Graphics\Texture.hpp(304,37): error C4430: missing type specifier - int assumed. Note: C++ does not support default-int
  (compiling source file 'rockPaperScissorsSFML.cpp')
  
C:\SFML\include\SFML\Graphics\Texture.hpp(304,64): error C2143: syntax error: missing ',' before '&'
  (compiling source file 'rockPaperScissorsSFML.cpp')
  
C:\SFML\include\SFML\Graphics\Texture.hpp(304,117): error C2143: syntax error: missing ')' before '{'
  (compiling source file 'rockPaperScissorsSFML.cpp')
  
C:\SFML\include\SFML\Graphics\Texture.hpp(304,119): error C2059: syntax error: ')'
  (compiling source file 'rockPaperScissorsSFML.cpp')
  
C:\SFML\include\SFML\Graphics\Font.hpp(103,30): error C3083: 'filesystem': the symbol to the left of a '::' must be a type
  (compiling source file 'rockPaperScissorsSFML.cpp')
  
C:\SFML\include\SFML\Graphics\Font.hpp(103,42): error C2039: 'path': is not a member of 'std'
  (compiling source file 'rockPaperScissorsSFML.cpp')
      C:\Program Files\Microsoft Visual Studio\2022\Community\VC\Tools\MSVC\14.42.34433\include\unordered_map(23,1):
      see declaration of 'std'
  
C:\SFML\include\SFML\Graphics\Font.hpp(103,19): error C4430: missing type specifier - int assumed. Note: C++ does not support default-int
  (compiling source file 'rockPaperScissorsSFML.cpp')
  
C:\SFML\include\SFML\Graphics\Font.hpp(103,46): error C2143: syntax error: missing ',' before '&'
  (compiling source file 'rockPaperScissorsSFML.cpp')
  
C:\SFML\include\SFML\Graphics\Font.hpp(168,48): error C3083: 'filesystem': the symbol to the left of a '::' must be a type
  (compiling source file 'rockPaperScissorsSFML.cpp')
  
C:\SFML\include\SFML\Graphics\Font.hpp(168,60): error C2039: 'path': is not a member of 'std'
  (compiling source file 'rockPaperScissorsSFML.cpp')
      C:\Program Files\Microsoft Visual Studio\2022\Community\VC\Tools\MSVC\14.42.34433\include\unordered_map(23,1):
      see declaration of 'std'
  
C:\SFML\include\SFML\Graphics\Font.hpp(168,37): error C4430: missing type specifier - int assumed. Note: C++ does not support default-int
  (compiling source file 'rockPaperScissorsSFML.cpp')
  
C:\SFML\include\SFML\Graphics\Font.hpp(168,64): error C2143: syntax error: missing ',' before '&'
  (compiling source file 'rockPaperScissorsSFML.cpp')
  
C:\Program Files\Microsoft Visual Studio\2022\Community\VC\Tools\MSVC\14.42.34433\include\string_view(12): warning STL4038: The contents of <string_view> are available only with C++17 or later.
C:\SFML\include\SFML\Graphics\Image.hpp(103,31): error C3083: 'filesystem': the symbol to the left of a '::' must be a type
  (compiling source file 'rockPaperScissorsSFML.cpp')
  
C:\SFML\include\SFML\Graphics\Image.hpp(103,43): error C2039: 'path': is not a member of 'std'
  (compiling source file 'rockPaperScissorsSFML.cpp')
      C:\Program Files\Microsoft Visual Studio\2022\Community\VC\Tools\MSVC\14.42.34433\include\unordered_map(23,1):
      see declaration of 'std'
  
C:\SFML\include\SFML\Graphics\Image.hpp(103,20): error C4430: missing type specifier - int assumed. Note: C++ does not support default-int
  (compiling source file 'rockPaperScissorsSFML.cpp')
  
C:\SFML\include\SFML\Graphics\Image.hpp(103,47): error C2143: syntax error: missing ',' before '&'
  (compiling source file 'rockPaperScissorsSFML.cpp')
  
C:\SFML\include\SFML\Graphics\Image.hpp(175,48): error C3083: 'filesystem': the symbol to the left of a '::' must be a type
  (compiling source file 'rockPaperScissorsSFML.cpp')
  
C:\SFML\include\SFML\Graphics\Image.hpp(175,60): error C2039: 'path': is not a member of 'std'
  (compiling source file 'rockPaperScissorsSFML.cpp')
      C:\Program Files\Microsoft Visual Studio\2022\Community\VC\Tools\MSVC\14.42.34433\include\unordered_map(23,1):
      see declaration of 'std'
  
C:\SFML\include\SFML\Graphics\Image.hpp(175,37): error C4430: missing type specifier - int assumed. Note: C++ does not support default-int
  (compiling source file 'rockPaperScissorsSFML.cpp')
  
C:\SFML\include\SFML\Graphics\Image.hpp(175,64): error C2143: syntax error: missing ',' before '&'
  (compiling source file 'rockPaperScissorsSFML.cpp')
  
C:\SFML\include\SFML\Graphics\Image.hpp(227,46): error C3083: 'filesystem': the symbol to the left of a '::' must be a type
  (compiling source file 'rockPaperScissorsSFML.cpp')
  
C:\SFML\include\SFML\Graphics\Image.hpp(227,58): error C2039: 'path': is not a member of 'std'
  (compiling source file 'rockPaperScissorsSFML.cpp')
      C:\Program Files\Microsoft Visual Studio\2022\Community\VC\Tools\MSVC\14.42.34433\include\unordered_map(23,1):
      see declaration of 'std'
  
C:\SFML\include\SFML\Graphics\Image.hpp(227,35): error C4430: missing type specifier - int assumed. Note: C++ does not support default-int
  (compiling source file 'rockPaperScissorsSFML.cpp')
  
C:\SFML\include\SFML\Graphics\Image.hpp(227,62): error C2143: syntax error: missing ',' before '&'
  (compiling source file 'rockPaperScissorsSFML.cpp')
  
C:\SFML\include\SFML\Graphics\Image.hpp(245,24): error C2039: 'optional': is not a member of 'std'
  (compiling source file 'rockPaperScissorsSFML.cpp')
      C:\Program Files\Microsoft Visual Studio\2022\Community\VC\Tools\MSVC\14.42.34433\include\unordered_map(23,1):
      see declaration of 'std'
  
C:\SFML\include\SFML\Graphics\Image.hpp(245,32): error C2143: syntax error: missing ';' before '<'
  (compiling source file 'rockPaperScissorsSFML.cpp')
  
C:\SFML\include\SFML\Graphics\Image.hpp(245,24): error C4430: missing type specifier - int assumed. Note: C++ does not support default-int
  (compiling source file 'rockPaperScissorsSFML.cpp')
  
C:\SFML\include\SFML\Graphics\Image.hpp(245,5): warning C4869: 'nodiscard' may only be applied to classes, enumerations, and functions
  (compiling source file 'rockPaperScissorsSFML.cpp')
  
C:\SFML\include\SFML\Graphics\Image.hpp(245,78): error C2039: 'string_view': is not a member of 'std'
  (compiling source file 'rockPaperScissorsSFML.cpp')
      C:\Program Files\Microsoft Visual Studio\2022\Community\VC\Tools\MSVC\14.42.34433\include\unordered_map(23,1):
      see declaration of 'std'
  
C:\SFML\include\SFML\Graphics\Image.hpp(245,103): error C2238: unexpected token(s) preceding ';'
  (compiling source file 'rockPaperScissorsSFML.cpp')
  
C:\SFML\include\SFML\System\Time.inl(282,29): error C7525: inline variables require at least '/std:c++17'
  (compiling source file 'rockPaperScissorsSFML.cpp')
  
C:\SFML\include\SFML\Window\WindowBase.hpp(226,24): error C2039: 'optional': is not a member of 'std'
  (compiling source file 'rockPaperScissorsSFML.cpp')
      C:\Program Files\Microsoft Visual Studio\2022\Community\VC\Tools\MSVC\14.42.34433\include\chrono(45,1):
      see declaration of 'std'
  
C:\SFML\include\SFML\Window\WindowBase.hpp(226,32): error C2143: syntax error: missing ';' before '<'
  (compiling source file 'rockPaperScissorsSFML.cpp')
  
C:\SFML\include\SFML\Window\WindowBase.hpp(226,32): error C1003: error count exceeds 100; stopping compilation
  (compiling source file 'rockPaperScissorsSFML.cpp')
  
